Using device: cuda
Selected model: light
Total parameters: 184982
Training Data Augmented: True
Cache file not found. Computing mean and std...
Downloading https://www.cs.toronto.edu/~kriz/cifar-10-python.tar.gz to /content/data/cifar-10-python.tar.gz
100%|██████████| 170M/170M [00:14<00:00, 11.6MB/s]
Extracting /content/data/cifar-10-python.tar.gz to /content/data
Saved computed mean and std to cache: /content/data/cifar10_mean_std.json
Files already downloaded and verified

Epoch 1/200
==================================================
Realtime Epoch Training Accuracy: 43.75% | Loss: 1.3815: 100%|██████████████████████████████| 391/391 [00:23<00:00, 16.95it/s]

Calculating test accuracy...
Epoch 1 Testing: 46.53% | Loss: 1.4451: 100%|██████████████████████████████| 79/79 [00:02<00:00, 28.04it/s]

Epoch 1 Summary:
Testing  - Accuracy: 46.53%, Loss: 1.4451
New best accuracy! Saving model...

Epoch 2/200
==================================================
Realtime Epoch Training Accuracy: 45.00% | Loss: 1.5046: 100%|██████████████████████████████| 391/391 [00:20<00:00, 19.45it/s]

Calculating test accuracy...
Epoch 2 Testing: 54.21% | Loss: 1.3061: 100%|██████████████████████████████| 79/79 [00:03<00:00, 25.07it/s]

Epoch 2 Summary:
Testing  - Accuracy: 54.21%, Loss: 1.3061
New best accuracy! Saving model...

Epoch 3/200
==================================================
Realtime Epoch Training Accuracy: 68.75% | Loss: 0.9418: 100%|██████████████████████████████| 391/391 [00:19<00:00, 19.75it/s]

Calculating test accuracy...
Epoch 3 Testing: 61.75% | Loss: 1.0998: 100%|██████████████████████████████| 79/79 [00:02<00:00, 33.50it/s]

Epoch 3 Summary:
Testing  - Accuracy: 61.75%, Loss: 1.0998
New best accuracy! Saving model...

Epoch 4/200
==================================================
Realtime Epoch Training Accuracy: 65.00% | Loss: 0.9089: 100%|██████████████████████████████| 391/391 [00:21<00:00, 18.59it/s]

Calculating test accuracy...
Epoch 4 Testing: 66.92% | Loss: 0.9480: 100%|██████████████████████████████| 79/79 [00:02<00:00, 33.86it/s]

Epoch 4 Summary:
Testing  - Accuracy: 66.92%, Loss: 0.9480
New best accuracy! Saving model...

Epoch 5/200
==================================================
Realtime Epoch Training Accuracy: 72.50% | Loss: 0.7439: 100%|██████████████████████████████| 391/391 [00:19<00:00, 19.60it/s]

Calculating test accuracy...
Epoch 5 Testing: 68.39% | Loss: 0.9104: 100%|██████████████████████████████| 79/79 [00:03<00:00, 22.96it/s]

Epoch 5 Summary:
Testing  - Accuracy: 68.39%, Loss: 0.9104
New best accuracy! Saving model...

Epoch 6/200
==================================================
Realtime Epoch Training Accuracy: 75.00% | Loss: 0.8064: 100%|██████████████████████████████| 391/391 [00:20<00:00, 19.45it/s]

Calculating test accuracy...
Epoch 6 Testing: 70.18% | Loss: 0.8624: 100%|██████████████████████████████| 79/79 [00:02<00:00, 34.32it/s]

Epoch 6 Summary:
Testing  - Accuracy: 70.18%, Loss: 0.8624
New best accuracy! Saving model...

Epoch 7/200
==================================================
Realtime Epoch Training Accuracy: 67.50% | Loss: 0.9226: 100%|██████████████████████████████| 391/391 [00:20<00:00, 18.72it/s]

Calculating test accuracy...
Epoch 7 Testing: 72.51% | Loss: 0.7855: 100%|██████████████████████████████| 79/79 [00:02<00:00, 31.87it/s]

Epoch 7 Summary:
Testing  - Accuracy: 72.51%, Loss: 0.7855
New best accuracy! Saving model...

Epoch 8/200
==================================================
Realtime Epoch Training Accuracy: 61.25% | Loss: 0.8528: 100%|██████████████████████████████| 391/391 [00:19<00:00, 19.59it/s]

Calculating test accuracy...
Epoch 8 Testing: 74.05% | Loss: 0.7618: 100%|██████████████████████████████| 79/79 [00:02<00:00, 33.54it/s]

Epoch 8 Summary:
Testing  - Accuracy: 74.05%, Loss: 0.7618
New best accuracy! Saving model...

Epoch 9/200
==================================================
Realtime Epoch Training Accuracy: 70.00% | Loss: 0.8950: 100%|██████████████████████████████| 391/391 [00:21<00:00, 18.38it/s]

Calculating test accuracy...
Epoch 9 Testing: 74.13% | Loss: 0.7634: 100%|██████████████████████████████| 79/79 [00:02<00:00, 32.06it/s]

Epoch 9 Summary:
Testing  - Accuracy: 74.13%, Loss: 0.7634
New best accuracy! Saving model...

Epoch 10/200
==================================================
Realtime Epoch Training Accuracy: 70.00% | Loss: 0.8688: 100%|██████████████████████████████| 391/391 [00:20<00:00, 19.54it/s]

Calculating test accuracy...
Epoch 10 Testing: 74.49% | Loss: 0.7272: 100%|██████████████████████████████| 79/79 [00:03<00:00, 22.22it/s]

Epoch 10 Summary:
Testing  - Accuracy: 74.49%, Loss: 0.7272
New best accuracy! Saving model...

Epoch 11/200
==================================================
Realtime Epoch Training Accuracy: 77.50% | Loss: 0.5840: 100%|██████████████████████████████| 391/391 [00:19<00:00, 19.67it/s]

Calculating test accuracy...
Epoch 11 Testing: 76.34% | Loss: 0.6998: 100%|██████████████████████████████| 79/79 [00:02<00:00, 33.32it/s]

Epoch 11 Summary:
Testing  - Accuracy: 76.34%, Loss: 0.6998
New best accuracy! Saving model...

Epoch 12/200
==================================================
Realtime Epoch Training Accuracy: 73.75% | Loss: 0.6501: 100%|██████████████████████████████| 391/391 [00:21<00:00, 18.58it/s]

Calculating test accuracy...
Epoch 12 Testing: 76.70% | Loss: 0.6762: 100%|██████████████████████████████| 79/79 [00:02<00:00, 32.63it/s]

Epoch 12 Summary:
Testing  - Accuracy: 76.70%, Loss: 0.6762
New best accuracy! Saving model...

Epoch 13/200
==================================================
Realtime Epoch Training Accuracy: 68.75% | Loss: 0.8650: 100%|██████████████████████████████| 391/391 [00:20<00:00, 19.48it/s]

Calculating test accuracy...
Epoch 13 Testing: 74.65% | Loss: 0.7464: 100%|██████████████████████████████| 79/79 [00:02<00:00, 31.05it/s]

Epoch 13 Summary:
Testing  - Accuracy: 74.65%, Loss: 0.7464

Epoch 14/200
==================================================
Realtime Epoch Training Accuracy: 72.50% | Loss: 0.7291: 100%|██████████████████████████████| 391/391 [00:21<00:00, 18.52it/s]

Calculating test accuracy...
Epoch 14 Testing: 76.26% | Loss: 0.7069: 100%|██████████████████████████████| 79/79 [00:02<00:00, 32.01it/s]

Epoch 14 Summary:
Testing  - Accuracy: 76.26%, Loss: 0.7069

Epoch 15/200
==================================================
Realtime Epoch Training Accuracy: 76.25% | Loss: 0.6756: 100%|██████████████████████████████| 391/391 [00:20<00:00, 18.83it/s]

Calculating test accuracy...
Epoch 15 Testing: 76.81% | Loss: 0.6793: 100%|██████████████████████████████| 79/79 [00:03<00:00, 23.41it/s]

Epoch 15 Summary:
Testing  - Accuracy: 76.81%, Loss: 0.6793
New best accuracy! Saving model...

Epoch 16/200
==================================================
Realtime Epoch Training Accuracy: 67.50% | Loss: 0.7932: 100%|██████████████████████████████| 391/391 [00:20<00:00, 19.47it/s]

Calculating test accuracy...
Epoch 16 Testing: 76.45% | Loss: 0.6719: 100%|██████████████████████████████| 79/79 [00:02<00:00, 33.01it/s]

Epoch 16 Summary:
Testing  - Accuracy: 76.45%, Loss: 0.6719

Epoch 17/200
==================================================
Realtime Epoch Training Accuracy: 82.50% | Loss: 0.5812: 100%|██████████████████████████████| 391/391 [00:21<00:00, 18.30it/s]

Calculating test accuracy...
Epoch 17 Testing: 75.04% | Loss: 0.7286: 100%|██████████████████████████████| 79/79 [00:02<00:00, 32.37it/s]

Epoch 17 Summary:
Testing  - Accuracy: 75.04%, Loss: 0.7286

Epoch 18/200
==================================================
Realtime Epoch Training Accuracy: 70.00% | Loss: 0.8821: 100%|██████████████████████████████| 391/391 [00:19<00:00, 19.79it/s]

Calculating test accuracy...
Epoch 18 Testing: 76.23% | Loss: 0.7230: 100%|██████████████████████████████| 79/79 [00:02<00:00, 27.55it/s]

Epoch 18 Summary:
Testing  - Accuracy: 76.23%, Loss: 0.7230

Epoch 19/200
==================================================
Realtime Epoch Training Accuracy: 73.75% | Loss: 0.7215: 100%|██████████████████████████████| 391/391 [00:21<00:00, 18.58it/s]

Calculating test accuracy...
Epoch 19 Testing: 76.89% | Loss: 0.6732: 100%|██████████████████████████████| 79/79 [00:02<00:00, 32.18it/s]

Epoch 19 Summary:
Testing  - Accuracy: 76.89%, Loss: 0.6732
New best accuracy! Saving model...

Epoch 20/200
==================================================
Realtime Epoch Training Accuracy: 80.00% | Loss: 0.5454: 100%|██████████████████████████████| 391/391 [00:21<00:00, 18.61it/s]

Calculating test accuracy...
Epoch 20 Testing: 76.25% | Loss: 0.6991: 100%|██████████████████████████████| 79/79 [00:03<00:00, 21.54it/s]

Epoch 20 Summary:
Testing  - Accuracy: 76.25%, Loss: 0.6991

Epoch 21/200
==================================================
Realtime Epoch Training Accuracy: 72.50% | Loss: 0.7353: 100%|██████████████████████████████| 391/391 [00:20<00:00, 18.88it/s]

Calculating test accuracy...
Epoch 21 Testing: 77.46% | Loss: 0.6613: 100%|██████████████████████████████| 79/79 [00:02<00:00, 31.38it/s]

Epoch 21 Summary:
Testing  - Accuracy: 77.46%, Loss: 0.6613
New best accuracy! Saving model...

Epoch 22/200
==================================================
Realtime Epoch Training Accuracy: 83.75% | Loss: 0.5892: 100%|██████████████████████████████| 391/391 [00:22<00:00, 17.59it/s]

Calculating test accuracy...
Epoch 22 Testing: 78.55% | Loss: 0.6412: 100%|██████████████████████████████| 79/79 [00:02<00:00, 30.99it/s]

Epoch 22 Summary:
Testing  - Accuracy: 78.55%, Loss: 0.6412
New best accuracy! Saving model...

Epoch 23/200
==================================================
Realtime Epoch Training Accuracy: 73.75% | Loss: 0.6896: 100%|██████████████████████████████| 391/391 [00:20<00:00, 19.25it/s]

Calculating test accuracy...
Epoch 23 Testing: 78.67% | Loss: 0.6339: 100%|██████████████████████████████| 79/79 [00:03<00:00, 20.75it/s]

Epoch 23 Summary:
Testing  - Accuracy: 78.67%, Loss: 0.6339
New best accuracy! Saving model...

Epoch 24/200
==================================================
Realtime Epoch Training Accuracy: 83.75% | Loss: 0.5640: 100%|██████████████████████████████| 391/391 [00:20<00:00, 19.27it/s]

Calculating test accuracy...
Epoch 24 Testing: 78.46% | Loss: 0.6534: 100%|██████████████████████████████| 79/79 [00:02<00:00, 31.41it/s]

Epoch 24 Summary:
Testing  - Accuracy: 78.46%, Loss: 0.6534

Epoch 25/200
==================================================
Realtime Epoch Training Accuracy: 86.25% | Loss: 0.5457: 100%|██████████████████████████████| 391/391 [00:22<00:00, 17.72it/s]

Calculating test accuracy...
Epoch 25 Testing: 77.47% | Loss: 0.6834: 100%|██████████████████████████████| 79/79 [00:02<00:00, 31.76it/s]

Epoch 25 Summary:
Testing  - Accuracy: 77.47%, Loss: 0.6834

Epoch 26/200
==================================================
Realtime Epoch Training Accuracy: 82.50% | Loss: 0.4407: 100%|██████████████████████████████| 391/391 [00:21<00:00, 18.58it/s]

Calculating test accuracy...
Epoch 26 Testing: 74.52% | Loss: 0.7793: 100%|██████████████████████████████| 79/79 [00:03<00:00, 21.57it/s]

Epoch 26 Summary:
Testing  - Accuracy: 74.52%, Loss: 0.7793

Epoch 27/200
==================================================
Realtime Epoch Training Accuracy: 72.50% | Loss: 0.8597: 100%|██████████████████████████████| 391/391 [00:21<00:00, 18.51it/s]

Calculating test accuracy...
Epoch 27 Testing: 78.21% | Loss: 0.6668: 100%|██████████████████████████████| 79/79 [00:02<00:00, 31.27it/s]

Epoch 27 Summary:
Testing  - Accuracy: 78.21%, Loss: 0.6668

Epoch 28/200
==================================================
Realtime Epoch Training Accuracy: 73.75% | Loss: 0.6779: 100%|██████████████████████████████| 391/391 [00:21<00:00, 17.97it/s]

Calculating test accuracy...
Epoch 28 Testing: 78.16% | Loss: 0.6634: 100%|██████████████████████████████| 79/79 [00:02<00:00, 31.56it/s]

Epoch 28 Summary:
Testing  - Accuracy: 78.16%, Loss: 0.6634

Epoch 29/200
==================================================
Realtime Epoch Training Accuracy: 71.25% | Loss: 0.6981: 100%|██████████████████████████████| 391/391 [00:20<00:00, 19.04it/s]

Calculating test accuracy...
Epoch 29 Testing: 78.67% | Loss: 0.6172: 100%|██████████████████████████████| 79/79 [00:03<00:00, 23.86it/s]

Epoch 29 Summary:
Testing  - Accuracy: 78.67%, Loss: 0.6172

Epoch 30/200
==================================================
Realtime Epoch Training Accuracy: 88.75% | Loss: 0.4651: 100%|██████████████████████████████| 391/391 [00:21<00:00, 18.51it/s]

Calculating test accuracy...
Epoch 30 Testing: 77.12% | Loss: 0.6891: 100%|██████████████████████████████| 79/79 [00:02<00:00, 31.13it/s]

Epoch 30 Summary:
Testing  - Accuracy: 77.12%, Loss: 0.6891

Epoch 31/200
==================================================
Realtime Epoch Training Accuracy: 72.50% | Loss: 0.6740: 100%|██████████████████████████████| 391/391 [00:21<00:00, 18.34it/s]

Calculating test accuracy...
Epoch 31 Testing: 78.86% | Loss: 0.6543: 100%|██████████████████████████████| 79/79 [00:02<00:00, 29.66it/s]

Epoch 31 Summary:
Testing  - Accuracy: 78.86%, Loss: 0.6543
New best accuracy! Saving model...

Epoch 32/200
==================================================
Realtime Epoch Training Accuracy: 81.25% | Loss: 0.5377: 100%|██████████████████████████████| 391/391 [00:20<00:00, 19.29it/s]

Calculating test accuracy...
Epoch 32 Testing: 77.10% | Loss: 0.6757: 100%|██████████████████████████████| 79/79 [00:02<00:00, 26.74it/s]

Epoch 32 Summary:
Testing  - Accuracy: 77.10%, Loss: 0.6757

Epoch 33/200
==================================================
Realtime Epoch Training Accuracy: 67.50% | Loss: 0.6353: 100%|██████████████████████████████| 391/391 [00:21<00:00, 18.40it/s]

Calculating test accuracy...
Epoch 33 Testing: 78.96% | Loss: 0.6265: 100%|██████████████████████████████| 79/79 [00:02<00:00, 30.83it/s]

Epoch 33 Summary:
Testing  - Accuracy: 78.96%, Loss: 0.6265
New best accuracy! Saving model...

Epoch 34/200
==================================================
Realtime Epoch Training Accuracy: 80.00% | Loss: 0.6638: 100%|██████████████████████████████| 391/391 [00:21<00:00, 18.24it/s]

Calculating test accuracy...
Epoch 34 Testing: 78.97% | Loss: 0.6376: 100%|██████████████████████████████| 79/79 [00:02<00:00, 27.23it/s]

Epoch 34 Summary:
Testing  - Accuracy: 78.97%, Loss: 0.6376
New best accuracy! Saving model...

Epoch 35/200
==================================================
Realtime Epoch Training Accuracy: 83.75% | Loss: 0.5283: 100%|██████████████████████████████| 391/391 [00:20<00:00, 18.89it/s]

Calculating test accuracy...
Epoch 35 Testing: 78.46% | Loss: 0.6483: 100%|██████████████████████████████| 79/79 [00:02<00:00, 30.01it/s]

Epoch 35 Summary:
Testing  - Accuracy: 78.46%, Loss: 0.6483

Epoch 36/200
==================================================
Realtime Epoch Training Accuracy: 80.00% | Loss: 0.5671: 100%|██████████████████████████████| 391/391 [00:21<00:00, 18.07it/s]

Calculating test accuracy...
Epoch 36 Testing: 78.42% | Loss: 0.6434: 100%|██████████████████████████████| 79/79 [00:02<00:00, 31.80it/s]

Epoch 36 Summary:
Testing  - Accuracy: 78.42%, Loss: 0.6434

Epoch 37/200
==================================================
Realtime Epoch Training Accuracy: 86.25% | Loss: 0.5012: 100%|██████████████████████████████| 391/391 [00:20<00:00, 18.75it/s]

Calculating test accuracy...
Epoch 37 Testing: 79.29% | Loss: 0.6515: 100%|██████████████████████████████| 79/79 [00:03<00:00, 22.99it/s]

Epoch 37 Summary:
Testing  - Accuracy: 79.29%, Loss: 0.6515
New best accuracy! Saving model...

Epoch 38/200
==================================================
Realtime Epoch Training Accuracy: 75.00% | Loss: 0.6242: 100%|██████████████████████████████| 391/391 [00:20<00:00, 19.27it/s]

Calculating test accuracy...
Epoch 38 Testing: 79.04% | Loss: 0.6365: 100%|██████████████████████████████| 79/79 [00:02<00:00, 32.15it/s]

Epoch 38 Summary:
Testing  - Accuracy: 79.04%, Loss: 0.6365

Epoch 39/200
==================================================
Realtime Epoch Training Accuracy: 76.25% | Loss: 0.5820: 100%|██████████████████████████████| 391/391 [00:21<00:00, 17.85it/s]

Calculating test accuracy...
Epoch 39 Testing: 77.44% | Loss: 0.7337: 100%|██████████████████████████████| 79/79 [00:02<00:00, 31.75it/s]

Epoch 39 Summary:
Testing  - Accuracy: 77.44%, Loss: 0.7337

Epoch 40/200
==================================================
Realtime Epoch Training Accuracy: 77.50% | Loss: 0.6274: 100%|██████████████████████████████| 391/391 [00:20<00:00, 19.28it/s]

Calculating test accuracy...
Epoch 40 Testing: 78.62% | Loss: 0.6460: 100%|██████████████████████████████| 79/79 [00:03<00:00, 22.22it/s]

Epoch 40 Summary:
Testing  - Accuracy: 78.62%, Loss: 0.6460

Epoch 41/200
==================================================
Realtime Epoch Training Accuracy: 76.25% | Loss: 0.5594: 100%|██████████████████████████████| 391/391 [00:20<00:00, 19.09it/s]

Calculating test accuracy...
Epoch 41 Testing: 76.03% | Loss: 0.7727: 100%|██████████████████████████████| 79/79 [00:02<00:00, 31.92it/s]

Epoch 41 Summary:
Testing  - Accuracy: 76.03%, Loss: 0.7727

Epoch 42/200
==================================================
Realtime Epoch Training Accuracy: 82.50% | Loss: 0.5380: 100%|██████████████████████████████| 391/391 [00:21<00:00, 17.92it/s]

Calculating test accuracy...
Epoch 42 Testing: 79.89% | Loss: 0.6217: 100%|██████████████████████████████| 79/79 [00:02<00:00, 31.55it/s]

Epoch 42 Summary:
Testing  - Accuracy: 79.89%, Loss: 0.6217
New best accuracy! Saving model...

Epoch 43/200
==================================================
Realtime Epoch Training Accuracy: 81.25% | Loss: 0.4832: 100%|██████████████████████████████| 391/391 [00:20<00:00, 19.08it/s]

Calculating test accuracy...
Epoch 43 Testing: 77.02% | Loss: 0.7196: 100%|██████████████████████████████| 79/79 [00:03<00:00, 25.31it/s]

Epoch 43 Summary:
Testing  - Accuracy: 77.02%, Loss: 0.7196

Epoch 44/200
==================================================
Realtime Epoch Training Accuracy: 81.25% | Loss: 0.4933: 100%|██████████████████████████████| 391/391 [00:21<00:00, 18.20it/s]

Calculating test accuracy...
Epoch 44 Testing: 79.17% | Loss: 0.6408: 100%|██████████████████████████████| 79/79 [00:02<00:00, 31.30it/s]

Epoch 44 Summary:
Testing  - Accuracy: 79.17%, Loss: 0.6408

Epoch 45/200
==================================================
Realtime Epoch Training Accuracy: 81.25% | Loss: 0.5447: 100%|██████████████████████████████| 391/391 [00:21<00:00, 18.22it/s]

Calculating test accuracy...
Epoch 45 Testing: 78.93% | Loss: 0.6522: 100%|██████████████████████████████| 79/79 [00:02<00:00, 31.35it/s]

Epoch 45 Summary:
Testing  - Accuracy: 78.93%, Loss: 0.6522

Epoch 46/200
==================================================
Realtime Epoch Training Accuracy: 72.50% | Loss: 0.7298: 100%|██████████████████████████████| 391/391 [00:20<00:00, 19.50it/s]

Calculating test accuracy...
Epoch 46 Testing: 78.06% | Loss: 0.6573: 100%|██████████████████████████████| 79/79 [00:02<00:00, 31.95it/s]

Epoch 46 Summary:
Testing  - Accuracy: 78.06%, Loss: 0.6573

Epoch 47/200
==================================================
Realtime Epoch Training Accuracy: 87.50% | Loss: 0.4487: 100%|██████████████████████████████| 391/391 [00:21<00:00, 18.15it/s]

Calculating test accuracy...
Epoch 47 Testing: 77.88% | Loss: 0.6743: 100%|██████████████████████████████| 79/79 [00:02<00:00, 32.37it/s]

Epoch 47 Summary:
Testing  - Accuracy: 77.88%, Loss: 0.6743

Epoch 48/200
==================================================
Realtime Epoch Training Accuracy: 77.50% | Loss: 0.6297: 100%|██████████████████████████████| 391/391 [00:20<00:00, 19.18it/s]

Calculating test accuracy...
Epoch 48 Testing: 79.25% | Loss: 0.6339: 100%|██████████████████████████████| 79/79 [00:03<00:00, 22.63it/s]

Epoch 48 Summary:
Testing  - Accuracy: 79.25%, Loss: 0.6339

Epoch 49/200
==================================================
Realtime Epoch Training Accuracy: 78.75% | Loss: 0.6232: 100%|██████████████████████████████| 391/391 [00:20<00:00, 19.12it/s]

Calculating test accuracy...
Epoch 49 Testing: 76.91% | Loss: 0.7111: 100%|██████████████████████████████| 79/79 [00:02<00:00, 31.93it/s]

Epoch 49 Summary:
Testing  - Accuracy: 76.91%, Loss: 0.7111

Epoch 50/200
==================================================
Realtime Epoch Training Accuracy: 88.75% | Loss: 0.3668: 100%|██████████████████████████████| 391/391 [00:21<00:00, 18.10it/s]

Calculating test accuracy...
Epoch 50 Testing: 78.91% | Loss: 0.6898: 100%|██████████████████████████████| 79/79 [00:02<00:00, 30.49it/s]

Epoch 50 Summary:
Testing  - Accuracy: 78.91%, Loss: 0.6898

Epoch 51/200
==================================================
Realtime Epoch Training Accuracy: 78.75% | Loss: 0.6364: 100%|██████████████████████████████| 391/391 [00:20<00:00, 19.35it/s]

Calculating test accuracy...
Epoch 51 Testing: 79.48% | Loss: 0.6666: 100%|██████████████████████████████| 79/79 [00:02<00:00, 26.40it/s]

Epoch 51 Summary:
Testing  - Accuracy: 79.48%, Loss: 0.6666

Epoch 52/200
==================================================
Realtime Epoch Training Accuracy: 86.25% | Loss: 0.4325: 100%|██████████████████████████████| 391/391 [00:21<00:00, 18.39it/s]

Calculating test accuracy...
Epoch 52 Testing: 79.31% | Loss: 0.6225: 100%|██████████████████████████████| 79/79 [00:02<00:00, 31.79it/s]

Epoch 52 Summary:
Testing  - Accuracy: 79.31%, Loss: 0.6225

Epoch 53/200
==================================================
Realtime Epoch Training Accuracy: 81.25% | Loss: 0.5796: 100%|██████████████████████████████| 391/391 [00:21<00:00, 18.22it/s]

Calculating test accuracy...
Epoch 53 Testing: 79.68% | Loss: 0.6527: 100%|██████████████████████████████| 79/79 [00:02<00:00, 29.89it/s]

Epoch 53 Summary:
Testing  - Accuracy: 79.68%, Loss: 0.6527

Epoch 54/200
==================================================
Realtime Epoch Training Accuracy: 82.50% | Loss: 0.5013: 100%|██████████████████████████████| 391/391 [00:20<00:00, 18.98it/s]

Calculating test accuracy...
Epoch 54 Testing: 77.70% | Loss: 0.6980: 100%|██████████████████████████████| 79/79 [00:02<00:00, 26.74it/s]

Epoch 54 Summary:
Testing  - Accuracy: 77.70%, Loss: 0.6980

Epoch 55/200
==================================================
Realtime Epoch Training Accuracy: 90.00% | Loss: 0.3211: 100%|██████████████████████████████| 391/391 [00:21<00:00, 18.36it/s]

Calculating test accuracy...
Epoch 55 Testing: 80.87% | Loss: 0.5867: 100%|██████████████████████████████| 79/79 [00:02<00:00, 31.98it/s]

Epoch 55 Summary:
Testing  - Accuracy: 80.87%, Loss: 0.5867
New best accuracy! Saving model...

Epoch 56/200
==================================================
Realtime Epoch Training Accuracy: 87.50% | Loss: 0.4266: 100%|██████████████████████████████| 391/391 [00:20<00:00, 18.92it/s]

Calculating test accuracy...
Epoch 56 Testing: 79.92% | Loss: 0.6665: 100%|██████████████████████████████| 79/79 [00:03<00:00, 22.13it/s]

Epoch 56 Summary:
Testing  - Accuracy: 79.92%, Loss: 0.6665

Epoch 57/200
==================================================
Realtime Epoch Training Accuracy: 78.75% | Loss: 0.6501: 100%|██████████████████████████████| 391/391 [00:20<00:00, 19.22it/s]

Calculating test accuracy...
Epoch 57 Testing: 79.46% | Loss: 0.6229: 100%|██████████████████████████████| 79/79 [00:02<00:00, 31.63it/s]

Epoch 57 Summary:
Testing  - Accuracy: 79.46%, Loss: 0.6229

Epoch 58/200
==================================================
Realtime Epoch Training Accuracy: 85.00% | Loss: 0.4098: 100%|██████████████████████████████| 391/391 [00:22<00:00, 17.72it/s]

Calculating test accuracy...
Epoch 58 Testing: 81.45% | Loss: 0.5999: 100%|██████████████████████████████| 79/79 [00:02<00:00, 30.12it/s]

Epoch 58 Summary:
Testing  - Accuracy: 81.45%, Loss: 0.5999
New best accuracy! Saving model...

Epoch 59/200
==================================================
Realtime Epoch Training Accuracy: 76.25% | Loss: 0.6959: 100%|██████████████████████████████| 391/391 [00:21<00:00, 18.07it/s]

Calculating test accuracy...
Epoch 59 Testing: 79.92% | Loss: 0.6507: 100%|██████████████████████████████| 79/79 [00:03<00:00, 20.95it/s]

Epoch 59 Summary:
Testing  - Accuracy: 79.92%, Loss: 0.6507

Epoch 60/200
==================================================
Realtime Epoch Training Accuracy: 86.25% | Loss: 0.3946: 100%|██████████████████████████████| 391/391 [00:21<00:00, 18.40it/s]

Calculating test accuracy...
Epoch 60 Testing: 79.69% | Loss: 0.6229: 100%|██████████████████████████████| 79/79 [00:02<00:00, 29.93it/s]

Epoch 60 Summary:
Testing  - Accuracy: 79.69%, Loss: 0.6229

Epoch 61/200
==================================================
Realtime Epoch Training Accuracy: 83.75% | Loss: 0.5894: 100%|██████████████████████████████| 391/391 [00:22<00:00, 17.21it/s]

Calculating test accuracy...
Epoch 61 Testing: 78.86% | Loss: 0.7085: 100%|██████████████████████████████| 79/79 [00:02<00:00, 30.28it/s]

Epoch 61 Summary:
Testing  - Accuracy: 78.86%, Loss: 0.7085

Epoch 62/200
==================================================
Realtime Epoch Training Accuracy: 81.25% | Loss: 0.4330: 100%|██████████████████████████████| 391/391 [00:21<00:00, 18.05it/s]

Calculating test accuracy...
Epoch 62 Testing: 80.17% | Loss: 0.6346: 100%|██████████████████████████████| 79/79 [00:03<00:00, 21.31it/s]

Epoch 62 Summary:
Testing  - Accuracy: 80.17%, Loss: 0.6346

Epoch 63/200
==================================================
Realtime Epoch Training Accuracy: 77.50% | Loss: 0.5981: 100%|██████████████████████████████| 391/391 [00:21<00:00, 18.07it/s]

Calculating test accuracy...
Epoch 63 Testing: 80.50% | Loss: 0.6309: 100%|██████████████████████████████| 79/79 [00:02<00:00, 29.08it/s]

Epoch 63 Summary:
Testing  - Accuracy: 80.50%, Loss: 0.6309

Epoch 64/200
==================================================
Realtime Epoch Training Accuracy: 81.25% | Loss: 0.6793: 100%|██████████████████████████████| 391/391 [00:22<00:00, 17.25it/s]

Calculating test accuracy...
Epoch 64 Testing: 78.87% | Loss: 0.6982: 100%|██████████████████████████████| 79/79 [00:02<00:00, 29.95it/s]

Epoch 64 Summary:
Testing  - Accuracy: 78.87%, Loss: 0.6982

Epoch 65/200
==================================================
Realtime Epoch Training Accuracy: 77.50% | Loss: 0.6634: 100%|██████████████████████████████| 391/391 [00:21<00:00, 18.09it/s]

Calculating test accuracy...
Epoch 65 Testing: 80.76% | Loss: 0.6284: 100%|██████████████████████████████| 79/79 [00:03<00:00, 24.84it/s]

Epoch 65 Summary:
Testing  - Accuracy: 80.76%, Loss: 0.6284

Epoch 66/200
==================================================
Realtime Epoch Training Accuracy: 85.00% | Loss: 0.4779: 100%|██████████████████████████████| 391/391 [00:20<00:00, 18.80it/s]

Calculating test accuracy...
Epoch 66 Testing: 81.44% | Loss: 0.5945: 100%|██████████████████████████████| 79/79 [00:02<00:00, 30.10it/s]

Epoch 66 Summary:
Testing  - Accuracy: 81.44%, Loss: 0.5945

Epoch 67/200
==================================================
Realtime Epoch Training Accuracy: 85.00% | Loss: 0.4589: 100%|██████████████████████████████| 391/391 [00:22<00:00, 17.21it/s]

Calculating test accuracy...
Epoch 67 Testing: 81.18% | Loss: 0.5855: 100%|██████████████████████████████| 79/79 [00:02<00:00, 31.20it/s]

Epoch 67 Summary:
Testing  - Accuracy: 81.18%, Loss: 0.5855

Epoch 68/200
==================================================
Realtime Epoch Training Accuracy: 81.25% | Loss: 0.5470: 100%|██████████████████████████████| 391/391 [00:21<00:00, 18.10it/s]

Calculating test accuracy...
Epoch 68 Testing: 81.68% | Loss: 0.5905: 100%|██████████████████████████████| 79/79 [00:03<00:00, 22.49it/s]

Epoch 68 Summary:
Testing  - Accuracy: 81.68%, Loss: 0.5905
New best accuracy! Saving model...

Epoch 69/200
==================================================
Realtime Epoch Training Accuracy: 80.00% | Loss: 0.5854: 100%|██████████████████████████████| 391/391 [00:21<00:00, 18.57it/s]

Calculating test accuracy...
Epoch 69 Testing: 79.68% | Loss: 0.6584: 100%|██████████████████████████████| 79/79 [00:02<00:00, 31.09it/s]

Epoch 69 Summary:
Testing  - Accuracy: 79.68%, Loss: 0.6584

Epoch 70/200
==================================================
Realtime Epoch Training Accuracy: 83.75% | Loss: 0.4266: 100%|██████████████████████████████| 391/391 [00:22<00:00, 17.61it/s]

Calculating test accuracy...
Epoch 70 Testing: 80.37% | Loss: 0.6146: 100%|██████████████████████████████| 79/79 [00:02<00:00, 28.96it/s]

Epoch 70 Summary:
Testing  - Accuracy: 80.37%, Loss: 0.6146

Epoch 71/200
==================================================
Realtime Epoch Training Accuracy: 76.25% | Loss: 0.5772: 100%|██████████████████████████████| 391/391 [00:21<00:00, 18.49it/s]

Calculating test accuracy...
Epoch 71 Testing: 81.29% | Loss: 0.5801: 100%|██████████████████████████████| 79/79 [00:03<00:00, 21.83it/s]

Epoch 71 Summary:
Testing  - Accuracy: 81.29%, Loss: 0.5801

Epoch 72/200
==================================================
Realtime Epoch Training Accuracy: 83.75% | Loss: 0.4682: 100%|██████████████████████████████| 391/391 [00:21<00:00, 18.49it/s]

Calculating test accuracy...
Epoch 72 Testing: 79.53% | Loss: 0.6358: 100%|██████████████████████████████| 79/79 [00:02<00:00, 30.34it/s]

Epoch 72 Summary:
Testing  - Accuracy: 79.53%, Loss: 0.6358

Epoch 73/200
==================================================
Realtime Epoch Training Accuracy: 83.75% | Loss: 0.6290: 100%|██████████████████████████████| 391/391 [00:22<00:00, 17.36it/s]

Calculating test accuracy...
Epoch 73 Testing: 79.80% | Loss: 0.6829: 100%|██████████████████████████████| 79/79 [00:02<00:00, 29.93it/s]

Epoch 73 Summary:
Testing  - Accuracy: 79.80%, Loss: 0.6829

Epoch 74/200
==================================================
Realtime Epoch Training Accuracy: 88.75% | Loss: 0.3326: 100%|██████████████████████████████| 391/391 [00:21<00:00, 18.29it/s]

Calculating test accuracy...
Epoch 74 Testing: 81.92% | Loss: 0.6178: 100%|██████████████████████████████| 79/79 [00:03<00:00, 21.52it/s]

Epoch 74 Summary:
Testing  - Accuracy: 81.92%, Loss: 0.6178
New best accuracy! Saving model...

Epoch 75/200
==================================================
Realtime Epoch Training Accuracy: 83.75% | Loss: 0.4659: 100%|██████████████████████████████| 391/391 [00:20<00:00, 18.68it/s]

Calculating test accuracy...
Epoch 75 Testing: 80.87% | Loss: 0.5996: 100%|██████████████████████████████| 79/79 [00:02<00:00, 29.74it/s]

Epoch 75 Summary:
Testing  - Accuracy: 80.87%, Loss: 0.5996

Epoch 76/200
==================================================
Realtime Epoch Training Accuracy: 86.25% | Loss: 0.3584: 100%|██████████████████████████████| 391/391 [00:22<00:00, 17.33it/s]

Calculating test accuracy...
Epoch 76 Testing: 79.74% | Loss: 0.6640: 100%|██████████████████████████████| 79/79 [00:02<00:00, 30.29it/s]

Epoch 76 Summary:
Testing  - Accuracy: 79.74%, Loss: 0.6640

Epoch 77/200
==================================================
Realtime Epoch Training Accuracy: 85.00% | Loss: 0.4474: 100%|██████████████████████████████| 391/391 [00:21<00:00, 18.02it/s]

Calculating test accuracy...
Epoch 77 Testing: 79.99% | Loss: 0.6468: 100%|██████████████████████████████| 79/79 [00:03<00:00, 22.38it/s]

Epoch 77 Summary:
Testing  - Accuracy: 79.99%, Loss: 0.6468

Epoch 78/200
==================================================
Realtime Epoch Training Accuracy: 81.25% | Loss: 0.4643: 100%|██████████████████████████████| 391/391 [00:21<00:00, 18.19it/s]

Calculating test accuracy...
Epoch 78 Testing: 82.17% | Loss: 0.5672: 100%|██████████████████████████████| 79/79 [00:02<00:00, 30.37it/s]

Epoch 78 Summary:
Testing  - Accuracy: 82.17%, Loss: 0.5672
New best accuracy! Saving model...

Epoch 79/200
==================================================
Realtime Epoch Training Accuracy: 81.25% | Loss: 0.6279: 100%|██████████████████████████████| 391/391 [00:22<00:00, 17.45it/s]

Calculating test accuracy...
Epoch 79 Testing: 81.67% | Loss: 0.5937: 100%|██████████████████████████████| 79/79 [00:02<00:00, 29.02it/s]

Epoch 79 Summary:
Testing  - Accuracy: 81.67%, Loss: 0.5937

Epoch 80/200
==================================================
Realtime Epoch Training Accuracy: 83.75% | Loss: 0.4108: 100%|██████████████████████████████| 391/391 [00:21<00:00, 18.07it/s]

Calculating test accuracy...
Epoch 80 Testing: 81.38% | Loss: 0.5878: 100%|██████████████████████████████| 79/79 [00:03<00:00, 21.00it/s]

Epoch 80 Summary:
Testing  - Accuracy: 81.38%, Loss: 0.5878

Epoch 81/200
==================================================
Realtime Epoch Training Accuracy: 91.25% | Loss: 0.2717: 100%|██████████████████████████████| 391/391 [00:21<00:00, 18.28it/s]

Calculating test accuracy...
Epoch 81 Testing: 82.16% | Loss: 0.5726: 100%|██████████████████████████████| 79/79 [00:02<00:00, 30.02it/s]

Epoch 81 Summary:
Testing  - Accuracy: 82.16%, Loss: 0.5726

Epoch 82/200
==================================================
Realtime Epoch Training Accuracy: 83.75% | Loss: 0.3296: 100%|██████████████████████████████| 391/391 [00:22<00:00, 17.22it/s]

Calculating test accuracy...
Epoch 82 Testing: 82.00% | Loss: 0.6183: 100%|██████████████████████████████| 79/79 [00:02<00:00, 29.89it/s]

Epoch 82 Summary:
Testing  - Accuracy: 82.00%, Loss: 0.6183

Epoch 83/200
==================================================
Realtime Epoch Training Accuracy: 90.00% | Loss: 0.2205: 100%|██████████████████████████████| 391/391 [00:21<00:00, 18.03it/s]

Calculating test accuracy...
Epoch 83 Testing: 82.17% | Loss: 0.5865: 100%|██████████████████████████████| 79/79 [00:03<00:00, 24.18it/s]

Epoch 83 Summary:
Testing  - Accuracy: 82.17%, Loss: 0.5865

Epoch 84/200
==================================================
Realtime Epoch Training Accuracy: 87.50% | Loss: 0.3915: 100%|██████████████████████████████| 391/391 [00:20<00:00, 18.96it/s]

Calculating test accuracy...
Epoch 84 Testing: 81.25% | Loss: 0.6122: 100%|██████████████████████████████| 79/79 [00:02<00:00, 30.56it/s]

Epoch 84 Summary:
Testing  - Accuracy: 81.25%, Loss: 0.6122

Epoch 85/200
==================================================
Realtime Epoch Training Accuracy: 90.00% | Loss: 0.2897: 100%|██████████████████████████████| 391/391 [00:21<00:00, 17.99it/s]

Calculating test accuracy...
Epoch 85 Testing: 81.99% | Loss: 0.6001: 100%|██████████████████████████████| 79/79 [00:02<00:00, 31.46it/s]

Epoch 85 Summary:
Testing  - Accuracy: 81.99%, Loss: 0.6001

Epoch 86/200
==================================================
Realtime Epoch Training Accuracy: 87.50% | Loss: 0.3194: 100%|██████████████████████████████| 391/391 [00:20<00:00, 18.99it/s]

Calculating test accuracy...
Epoch 86 Testing: 82.71% | Loss: 0.5686: 100%|██████████████████████████████| 79/79 [00:03<00:00, 21.64it/s]

Epoch 86 Summary:
Testing  - Accuracy: 82.71%, Loss: 0.5686
New best accuracy! Saving model...

Epoch 87/200
==================================================
Realtime Epoch Training Accuracy: 87.50% | Loss: 0.3431: 100%|██████████████████████████████| 391/391 [00:20<00:00, 18.62it/s]

Calculating test accuracy...
Epoch 87 Testing: 81.27% | Loss: 0.5898: 100%|██████████████████████████████| 79/79 [00:02<00:00, 30.54it/s]

Epoch 87 Summary:
Testing  - Accuracy: 81.27%, Loss: 0.5898

Epoch 88/200
==================================================
Realtime Epoch Training Accuracy: 88.75% | Loss: 0.4182: 100%|██████████████████████████████| 391/391 [00:22<00:00, 17.62it/s]

Calculating test accuracy...
Epoch 88 Testing: 81.72% | Loss: 0.5937: 100%|██████████████████████████████| 79/79 [00:02<00:00, 31.50it/s]

Epoch 88 Summary:
Testing  - Accuracy: 81.72%, Loss: 0.5937

Epoch 89/200
==================================================
Realtime Epoch Training Accuracy: 87.50% | Loss: 0.3597: 100%|██████████████████████████████| 391/391 [00:20<00:00, 18.85it/s]

Calculating test accuracy...
Epoch 89 Testing: 81.79% | Loss: 0.5902: 100%|██████████████████████████████| 79/79 [00:03<00:00, 24.94it/s]

Epoch 89 Summary:
Testing  - Accuracy: 81.79%, Loss: 0.5902

Epoch 90/200
==================================================
Realtime Epoch Training Accuracy: 87.50% | Loss: 0.4033: 100%|██████████████████████████████| 391/391 [00:21<00:00, 18.03it/s]

Calculating test accuracy...
Epoch 90 Testing: 82.43% | Loss: 0.5728: 100%|██████████████████████████████| 79/79 [00:02<00:00, 30.52it/s]

Epoch 90 Summary:
Testing  - Accuracy: 82.43%, Loss: 0.5728

Epoch 91/200
==================================================
Realtime Epoch Training Accuracy: 95.00% | Loss: 0.1884: 100%|██████████████████████████████| 391/391 [00:21<00:00, 17.80it/s]

Calculating test accuracy...
Epoch 91 Testing: 81.50% | Loss: 0.6514: 100%|██████████████████████████████| 79/79 [00:02<00:00, 29.47it/s]

Epoch 91 Summary:
Testing  - Accuracy: 81.50%, Loss: 0.6514

Epoch 92/200
==================================================
Realtime Epoch Training Accuracy: 90.00% | Loss: 0.3147: 100%|██████████████████████████████| 391/391 [00:20<00:00, 18.85it/s]

Calculating test accuracy...
Epoch 92 Testing: 82.70% | Loss: 0.5664: 100%|██████████████████████████████| 79/79 [00:02<00:00, 27.20it/s]

Epoch 92 Summary:
Testing  - Accuracy: 82.70%, Loss: 0.5664

Epoch 93/200
==================================================
Realtime Epoch Training Accuracy: 86.25% | Loss: 0.5108: 100%|██████████████████████████████| 391/391 [00:21<00:00, 17.94it/s]

Calculating test accuracy...
Epoch 93 Testing: 82.20% | Loss: 0.6260: 100%|██████████████████████████████| 79/79 [00:02<00:00, 30.88it/s]

Epoch 93 Summary:
Testing  - Accuracy: 82.20%, Loss: 0.6260

Epoch 94/200
==================================================
Realtime Epoch Training Accuracy: 85.00% | Loss: 0.4103: 100%|██████████████████████████████| 391/391 [00:21<00:00, 18.23it/s]

Calculating test accuracy...
Epoch 94 Testing: 83.38% | Loss: 0.5525: 100%|██████████████████████████████| 79/79 [00:03<00:00, 22.66it/s]

Epoch 94 Summary:
Testing  - Accuracy: 83.38%, Loss: 0.5525
New best accuracy! Saving model...

Epoch 95/200
==================================================
Realtime Epoch Training Accuracy: 81.25% | Loss: 0.4322: 100%|██████████████████████████████| 391/391 [00:20<00:00, 18.78it/s]

Calculating test accuracy...
Epoch 95 Testing: 82.37% | Loss: 0.5778: 100%|██████████████████████████████| 79/79 [00:02<00:00, 31.22it/s]

Epoch 95 Summary:
Testing  - Accuracy: 82.37%, Loss: 0.5778

Epoch 96/200
==================================================
Realtime Epoch Training Accuracy: 83.75% | Loss: 0.3543: 100%|██████████████████████████████| 391/391 [00:22<00:00, 17.71it/s]

Calculating test accuracy...
Epoch 96 Testing: 83.27% | Loss: 0.5766: 100%|██████████████████████████████| 79/79 [00:02<00:00, 30.62it/s]

Epoch 96 Summary:
Testing  - Accuracy: 83.27%, Loss: 0.5766

Epoch 97/200
==================================================
Realtime Epoch Training Accuracy: 87.50% | Loss: 0.4228: 100%|██████████████████████████████| 391/391 [00:20<00:00, 18.74it/s]

Calculating test accuracy...
Epoch 97 Testing: 83.43% | Loss: 0.5632: 100%|██████████████████████████████| 79/79 [00:03<00:00, 21.15it/s]

Epoch 97 Summary:
Testing  - Accuracy: 83.43%, Loss: 0.5632
New best accuracy! Saving model...

Epoch 98/200
==================================================
Realtime Epoch Training Accuracy: 83.75% | Loss: 0.5041: 100%|██████████████████████████████| 391/391 [00:20<00:00, 18.98it/s]

Calculating test accuracy...
Epoch 98 Testing: 82.21% | Loss: 0.5844: 100%|██████████████████████████████| 79/79 [00:02<00:00, 31.51it/s]

Epoch 98 Summary:
Testing  - Accuracy: 82.21%, Loss: 0.5844

Epoch 99/200
==================================================
Realtime Epoch Training Accuracy: 90.00% | Loss: 0.3996: 100%|██████████████████████████████| 391/391 [00:21<00:00, 17.88it/s]

Calculating test accuracy...
Epoch 99 Testing: 82.65% | Loss: 0.5768: 100%|██████████████████████████████| 79/79 [00:02<00:00, 30.79it/s]

Epoch 99 Summary:
Testing  - Accuracy: 82.65%, Loss: 0.5768

Epoch 100/200
==================================================
Realtime Epoch Training Accuracy: 80.00% | Loss: 0.4847: 100%|██████████████████████████████| 391/391 [00:20<00:00, 19.01it/s]

Calculating test accuracy...
Epoch 100 Testing: 82.51% | Loss: 0.5782: 100%|██████████████████████████████| 79/79 [00:03<00:00, 25.02it/s]

Epoch 100 Summary:
Testing  - Accuracy: 82.51%, Loss: 0.5782

Epoch 101/200
==================================================
Realtime Epoch Training Accuracy: 87.50% | Loss: 0.4044: 100%|██████████████████████████████| 391/391 [00:21<00:00, 17.84it/s]

Calculating test accuracy...
Epoch 101 Testing: 84.01% | Loss: 0.5457: 100%|██████████████████████████████| 79/79 [00:02<00:00, 30.56it/s]

Epoch 101 Summary:
Testing  - Accuracy: 84.01%, Loss: 0.5457
New best accuracy! Saving model...

Epoch 102/200
==================================================
Realtime Epoch Training Accuracy: 82.50% | Loss: 0.4999: 100%|██████████████████████████████| 391/391 [00:21<00:00, 18.03it/s]

Calculating test accuracy...
Epoch 102 Testing: 83.45% | Loss: 0.5500: 100%|██████████████████████████████| 79/79 [00:03<00:00, 24.61it/s]

Epoch 102 Summary:
Testing  - Accuracy: 83.45%, Loss: 0.5500

Epoch 103/200
==================================================
Realtime Epoch Training Accuracy: 88.75% | Loss: 0.3114: 100%|██████████████████████████████| 391/391 [00:20<00:00, 18.85it/s]

Calculating test accuracy...
Epoch 103 Testing: 83.30% | Loss: 0.5615: 100%|██████████████████████████████| 79/79 [00:02<00:00, 30.27it/s]

Epoch 103 Summary:
Testing  - Accuracy: 83.30%, Loss: 0.5615

Epoch 104/200
==================================================
Realtime Epoch Training Accuracy: 81.25% | Loss: 0.4736: 100%|██████████████████████████████| 391/391 [00:22<00:00, 17.75it/s]

Calculating test accuracy...
Epoch 104 Testing: 83.71% | Loss: 0.5545: 100%|██████████████████████████████| 79/79 [00:02<00:00, 31.07it/s]

Epoch 104 Summary:
Testing  - Accuracy: 83.71%, Loss: 0.5545

Epoch 105/200
==================================================
Realtime Epoch Training Accuracy: 87.50% | Loss: 0.3532: 100%|██████████████████████████████| 391/391 [00:20<00:00, 18.77it/s]

Calculating test accuracy...
Epoch 105 Testing: 83.27% | Loss: 0.5722: 100%|██████████████████████████████| 79/79 [00:03<00:00, 23.13it/s]

Epoch 105 Summary:
Testing  - Accuracy: 83.27%, Loss: 0.5722

Epoch 106/200
==================================================
Realtime Epoch Training Accuracy: 83.75% | Loss: 0.3879: 100%|██████████████████████████████| 391/391 [00:21<00:00, 18.15it/s]

Calculating test accuracy...
Epoch 106 Testing: 82.27% | Loss: 0.5645: 100%|██████████████████████████████| 79/79 [00:02<00:00, 30.49it/s]

Epoch 106 Summary:
Testing  - Accuracy: 82.27%, Loss: 0.5645

Epoch 107/200
==================================================
Realtime Epoch Training Accuracy: 87.50% | Loss: 0.3410: 100%|██████████████████████████████| 391/391 [00:21<00:00, 18.37it/s]

Calculating test accuracy...
Epoch 107 Testing: 83.13% | Loss: 0.5582: 100%|██████████████████████████████| 79/79 [00:03<00:00, 24.88it/s]

Epoch 107 Summary:
Testing  - Accuracy: 83.13%, Loss: 0.5582

Epoch 108/200
==================================================
Realtime Epoch Training Accuracy: 83.75% | Loss: 0.5919: 100%|██████████████████████████████| 391/391 [00:20<00:00, 18.83it/s]

Calculating test accuracy...
Epoch 108 Testing: 83.49% | Loss: 0.5583: 100%|██████████████████████████████| 79/79 [00:02<00:00, 30.27it/s]

Epoch 108 Summary:
Testing  - Accuracy: 83.49%, Loss: 0.5583

Epoch 109/200
==================================================
Realtime Epoch Training Accuracy: 81.25% | Loss: 0.5001: 100%|██████████████████████████████| 391/391 [00:22<00:00, 17.14it/s]

Calculating test accuracy...
Epoch 109 Testing: 83.72% | Loss: 0.5314: 100%|██████████████████████████████| 79/79 [00:02<00:00, 29.03it/s]

Epoch 109 Summary:
Testing  - Accuracy: 83.72%, Loss: 0.5314

Epoch 110/200
==================================================
Realtime Epoch Training Accuracy: 86.25% | Loss: 0.5530: 100%|██████████████████████████████| 391/391 [00:21<00:00, 18.40it/s]

Calculating test accuracy...
Epoch 110 Testing: 84.28% | Loss: 0.5356: 100%|██████████████████████████████| 79/79 [00:03<00:00, 20.34it/s]

Epoch 110 Summary:
Testing  - Accuracy: 84.28%, Loss: 0.5356
New best accuracy! Saving model...

Epoch 111/200
==================================================
Realtime Epoch Training Accuracy: 83.75% | Loss: 0.4826: 100%|██████████████████████████████| 391/391 [00:20<00:00, 18.70it/s]

Calculating test accuracy...
Epoch 111 Testing: 83.78% | Loss: 0.5197: 100%|██████████████████████████████| 79/79 [00:02<00:00, 30.06it/s]

Epoch 111 Summary:
Testing  - Accuracy: 83.78%, Loss: 0.5197

Epoch 112/200
==================================================
Realtime Epoch Training Accuracy: 90.00% | Loss: 0.3031: 100%|██████████████████████████████| 391/391 [00:22<00:00, 17.29it/s]

Calculating test accuracy...
Epoch 112 Testing: 83.86% | Loss: 0.5491: 100%|██████████████████████████████| 79/79 [00:02<00:00, 30.20it/s]

Epoch 112 Summary:
Testing  - Accuracy: 83.86%, Loss: 0.5491

Epoch 113/200
==================================================
Realtime Epoch Training Accuracy: 90.00% | Loss: 0.2788: 100%|██████████████████████████████| 391/391 [00:21<00:00, 18.61it/s]

Calculating test accuracy...
Epoch 113 Testing: 83.57% | Loss: 0.5391: 100%|██████████████████████████████| 79/79 [00:03<00:00, 22.57it/s]

Epoch 113 Summary:
Testing  - Accuracy: 83.57%, Loss: 0.5391

Epoch 114/200
==================================================
Realtime Epoch Training Accuracy: 87.50% | Loss: 0.5155: 100%|██████████████████████████████| 391/391 [00:21<00:00, 18.08it/s]

Calculating test accuracy...
Epoch 114 Testing: 83.71% | Loss: 0.5695: 100%|██████████████████████████████| 79/79 [00:02<00:00, 29.93it/s]

Epoch 114 Summary:
Testing  - Accuracy: 83.71%, Loss: 0.5695

Epoch 115/200
==================================================
Realtime Epoch Training Accuracy: 93.75% | Loss: 0.2466: 100%|██████████████████████████████| 391/391 [00:22<00:00, 17.58it/s]

Calculating test accuracy...
Epoch 115 Testing: 83.64% | Loss: 0.5562: 100%|██████████████████████████████| 79/79 [00:02<00:00, 27.96it/s]

Epoch 115 Summary:
Testing  - Accuracy: 83.64%, Loss: 0.5562

Epoch 116/200
==================================================
Realtime Epoch Training Accuracy: 91.25% | Loss: 0.2831: 100%|██████████████████████████████| 391/391 [00:20<00:00, 18.71it/s]

Calculating test accuracy...
Epoch 116 Testing: 83.77% | Loss: 0.5495: 100%|██████████████████████████████| 79/79 [00:03<00:00, 25.74it/s]

Epoch 116 Summary:
Testing  - Accuracy: 83.77%, Loss: 0.5495

Epoch 117/200
==================================================
Realtime Epoch Training Accuracy: 91.25% | Loss: 0.3005: 100%|██████████████████████████████| 391/391 [00:21<00:00, 18.19it/s]

Calculating test accuracy...
Epoch 117 Testing: 84.07% | Loss: 0.5275: 100%|██████████████████████████████| 79/79 [00:02<00:00, 29.81it/s]

Epoch 117 Summary:
Testing  - Accuracy: 84.07%, Loss: 0.5275

Epoch 118/200
==================================================
Realtime Epoch Training Accuracy: 85.00% | Loss: 0.4029: 100%|██████████████████████████████| 391/391 [00:22<00:00, 17.66it/s]

Calculating test accuracy...
Epoch 118 Testing: 83.97% | Loss: 0.5548: 100%|██████████████████████████████| 79/79 [00:02<00:00, 28.60it/s]

Epoch 118 Summary:
Testing  - Accuracy: 83.97%, Loss: 0.5548

Epoch 119/200
==================================================
Realtime Epoch Training Accuracy: 87.50% | Loss: 0.4208: 100%|██████████████████████████████| 391/391 [00:21<00:00, 18.45it/s]

Calculating test accuracy...
Epoch 119 Testing: 84.66% | Loss: 0.5183: 100%|██████████████████████████████| 79/79 [00:03<00:00, 24.98it/s]

Epoch 119 Summary:
Testing  - Accuracy: 84.66%, Loss: 0.5183
New best accuracy! Saving model...

Epoch 120/200
==================================================
Realtime Epoch Training Accuracy: 87.50% | Loss: 0.2933: 100%|██████████████████████████████| 391/391 [00:22<00:00, 17.57it/s]

Calculating test accuracy...
Epoch 120 Testing: 83.64% | Loss: 0.5468: 100%|██████████████████████████████| 79/79 [00:02<00:00, 29.42it/s]

Epoch 120 Summary:
Testing  - Accuracy: 83.64%, Loss: 0.5468

Epoch 121/200
==================================================
Realtime Epoch Training Accuracy: 93.75% | Loss: 0.1916: 100%|██████████████████████████████| 391/391 [00:21<00:00, 18.02it/s]

Calculating test accuracy...
Epoch 121 Testing: 84.01% | Loss: 0.5515: 100%|██████████████████████████████| 79/79 [00:03<00:00, 24.95it/s]

Epoch 121 Summary:
Testing  - Accuracy: 84.01%, Loss: 0.5515

Epoch 122/200
==================================================
Realtime Epoch Training Accuracy: 88.75% | Loss: 0.3075: 100%|██████████████████████████████| 391/391 [00:21<00:00, 18.53it/s]

Calculating test accuracy...
Epoch 122 Testing: 83.21% | Loss: 0.5728: 100%|██████████████████████████████| 79/79 [00:02<00:00, 29.71it/s]

Epoch 122 Summary:
Testing  - Accuracy: 83.21%, Loss: 0.5728

Epoch 123/200
==================================================
Realtime Epoch Training Accuracy: 76.25% | Loss: 0.6683: 100%|██████████████████████████████| 391/391 [00:22<00:00, 17.17it/s]

Calculating test accuracy...
Epoch 123 Testing: 84.50% | Loss: 0.5323: 100%|██████████████████████████████| 79/79 [00:02<00:00, 29.64it/s]

Epoch 123 Summary:
Testing  - Accuracy: 84.50%, Loss: 0.5323

Epoch 124/200
==================================================
Realtime Epoch Training Accuracy: 88.75% | Loss: 0.2453: 100%|██████████████████████████████| 391/391 [00:22<00:00, 17.65it/s]

Calculating test accuracy...
Epoch 124 Testing: 84.33% | Loss: 0.5285: 100%|██████████████████████████████| 79/79 [00:03<00:00, 21.77it/s]

Epoch 124 Summary:
Testing  - Accuracy: 84.33%, Loss: 0.5285

Epoch 125/200
==================================================
Realtime Epoch Training Accuracy: 90.00% | Loss: 0.3451: 100%|██████████████████████████████| 391/391 [00:21<00:00, 18.46it/s]

Calculating test accuracy...
Epoch 125 Testing: 84.42% | Loss: 0.5363: 100%|██████████████████████████████| 79/79 [00:02<00:00, 29.90it/s]

Epoch 125 Summary:
Testing  - Accuracy: 84.42%, Loss: 0.5363

Epoch 126/200
==================================================
Realtime Epoch Training Accuracy: 91.25% | Loss: 0.2473: 100%|██████████████████████████████| 391/391 [00:22<00:00, 17.51it/s]

Calculating test accuracy...
Epoch 126 Testing: 84.19% | Loss: 0.5425: 100%|██████████████████████████████| 79/79 [00:02<00:00, 30.07it/s]

Epoch 126 Summary:
Testing  - Accuracy: 84.19%, Loss: 0.5425

Epoch 127/200
==================================================
Realtime Epoch Training Accuracy: 87.50% | Loss: 0.2766: 100%|██████████████████████████████| 391/391 [00:21<00:00, 18.52it/s]

Calculating test accuracy...
Epoch 127 Testing: 84.47% | Loss: 0.5276: 100%|██████████████████████████████| 79/79 [00:03<00:00, 21.30it/s]

Epoch 127 Summary:
Testing  - Accuracy: 84.47%, Loss: 0.5276

Epoch 128/200
==================================================
Realtime Epoch Training Accuracy: 83.75% | Loss: 0.4326: 100%|██████████████████████████████| 391/391 [00:21<00:00, 18.43it/s]

Calculating test accuracy...
Epoch 128 Testing: 84.16% | Loss: 0.5435: 100%|██████████████████████████████| 79/79 [00:02<00:00, 29.11it/s]

Epoch 128 Summary:
Testing  - Accuracy: 84.16%, Loss: 0.5435

Epoch 129/200
==================================================
Realtime Epoch Training Accuracy: 87.50% | Loss: 0.3012: 100%|██████████████████████████████| 391/391 [00:22<00:00, 17.04it/s]

Calculating test accuracy...
Epoch 129 Testing: 85.00% | Loss: 0.5083: 100%|██████████████████████████████| 79/79 [00:02<00:00, 29.84it/s]

Epoch 129 Summary:
Testing  - Accuracy: 85.00%, Loss: 0.5083
New best accuracy! Saving model...

Epoch 130/200
==================================================
Realtime Epoch Training Accuracy: 90.00% | Loss: 0.2872: 100%|██████████████████████████████| 391/391 [00:21<00:00, 18.03it/s]

Calculating test accuracy...
Epoch 130 Testing: 84.69% | Loss: 0.5271: 100%|██████████████████████████████| 79/79 [00:03<00:00, 21.31it/s]

Epoch 130 Summary:
Testing  - Accuracy: 84.69%, Loss: 0.5271

Epoch 131/200
==================================================
Realtime Epoch Training Accuracy: 91.25% | Loss: 0.2801: 100%|██████████████████████████████| 391/391 [00:20<00:00, 18.64it/s]

Calculating test accuracy...
Epoch 131 Testing: 84.73% | Loss: 0.5332: 100%|██████████████████████████████| 79/79 [00:02<00:00, 30.26it/s]

Epoch 131 Summary:
Testing  - Accuracy: 84.73%, Loss: 0.5332

Epoch 132/200
==================================================
Realtime Epoch Training Accuracy: 82.50% | Loss: 0.4237: 100%|██████████████████████████████| 391/391 [00:22<00:00, 17.06it/s]

Calculating test accuracy...
Epoch 132 Testing: 85.16% | Loss: 0.5189: 100%|██████████████████████████████| 79/79 [00:02<00:00, 29.12it/s]

Epoch 132 Summary:
Testing  - Accuracy: 85.16%, Loss: 0.5189
New best accuracy! Saving model...

Epoch 133/200
==================================================
Realtime Epoch Training Accuracy: 88.75% | Loss: 0.3138: 100%|██████████████████████████████| 391/391 [00:21<00:00, 18.35it/s]

Calculating test accuracy...
Epoch 133 Testing: 85.19% | Loss: 0.5214: 100%|██████████████████████████████| 79/79 [00:03<00:00, 21.62it/s]

Epoch 133 Summary:
Testing  - Accuracy: 85.19%, Loss: 0.5214
New best accuracy! Saving model...

Epoch 134/200
==================================================
Realtime Epoch Training Accuracy: 88.75% | Loss: 0.2718: 100%|██████████████████████████████| 391/391 [00:21<00:00, 18.03it/s]

Calculating test accuracy...
Epoch 134 Testing: 84.87% | Loss: 0.5109: 100%|██████████████████████████████| 79/79 [00:02<00:00, 29.82it/s]

Epoch 134 Summary:
Testing  - Accuracy: 84.87%, Loss: 0.5109

Epoch 135/200
==================================================
Realtime Epoch Training Accuracy: 87.50% | Loss: 0.3611: 100%|██████████████████████████████| 391/391 [00:22<00:00, 17.26it/s]

Calculating test accuracy...
Epoch 135 Testing: 85.15% | Loss: 0.5271: 100%|██████████████████████████████| 79/79 [00:02<00:00, 30.02it/s]

Epoch 135 Summary:
Testing  - Accuracy: 85.15%, Loss: 0.5271

Epoch 136/200
==================================================
Realtime Epoch Training Accuracy: 95.00% | Loss: 0.1542: 100%|██████████████████████████████| 391/391 [00:20<00:00, 18.68it/s]

Calculating test accuracy...
Epoch 136 Testing: 84.90% | Loss: 0.5203: 100%|██████████████████████████████| 79/79 [00:03<00:00, 21.84it/s]

Epoch 136 Summary:
Testing  - Accuracy: 84.90%, Loss: 0.5203

Epoch 137/200
==================================================
Realtime Epoch Training Accuracy: 90.00% | Loss: 0.2441: 100%|██████████████████████████████| 391/391 [00:21<00:00, 18.04it/s]

Calculating test accuracy...
Epoch 137 Testing: 84.55% | Loss: 0.5166: 100%|██████████████████████████████| 79/79 [00:02<00:00, 29.13it/s]

Epoch 137 Summary:
Testing  - Accuracy: 84.55%, Loss: 0.5166

Epoch 138/200
==================================================
Realtime Epoch Training Accuracy: 87.50% | Loss: 0.3936: 100%|██████████████████████████████| 391/391 [00:22<00:00, 17.32it/s]

Calculating test accuracy...
Epoch 138 Testing: 85.10% | Loss: 0.5156: 100%|██████████████████████████████| 79/79 [00:02<00:00, 28.24it/s]

Epoch 138 Summary:
Testing  - Accuracy: 85.10%, Loss: 0.5156

Epoch 139/200
==================================================
Realtime Epoch Training Accuracy: 83.75% | Loss: 0.4027: 100%|██████████████████████████████| 391/391 [00:21<00:00, 18.53it/s]

Calculating test accuracy...
Epoch 139 Testing: 84.83% | Loss: 0.5298: 100%|██████████████████████████████| 79/79 [00:02<00:00, 27.35it/s]

Epoch 139 Summary:
Testing  - Accuracy: 84.83%, Loss: 0.5298

Epoch 140/200
==================================================
Realtime Epoch Training Accuracy: 91.25% | Loss: 0.2828: 100%|██████████████████████████████| 391/391 [00:22<00:00, 17.70it/s]

Calculating test accuracy...
Epoch 140 Testing: 85.26% | Loss: 0.5149: 100%|██████████████████████████████| 79/79 [00:02<00:00, 30.01it/s]

Epoch 140 Summary:
Testing  - Accuracy: 85.26%, Loss: 0.5149
New best accuracy! Saving model...

Epoch 141/200
==================================================
Realtime Epoch Training Accuracy: 92.50% | Loss: 0.2094: 100%|██████████████████████████████| 391/391 [00:21<00:00, 18.26it/s]

Calculating test accuracy...
Epoch 141 Testing: 84.60% | Loss: 0.5293: 100%|██████████████████████████████| 79/79 [00:03<00:00, 21.44it/s]

Epoch 141 Summary:
Testing  - Accuracy: 84.60%, Loss: 0.5293

Epoch 142/200
==================================================
Realtime Epoch Training Accuracy: 87.50% | Loss: 0.3039: 100%|██████████████████████████████| 391/391 [00:21<00:00, 18.61it/s]

Calculating test accuracy...
Epoch 142 Testing: 85.07% | Loss: 0.5159: 100%|██████████████████████████████| 79/79 [00:02<00:00, 29.94it/s]

Epoch 142 Summary:
Testing  - Accuracy: 85.07%, Loss: 0.5159

Epoch 143/200
==================================================
Realtime Epoch Training Accuracy: 91.25% | Loss: 0.1860: 100%|██████████████████████████████| 391/391 [00:22<00:00, 17.02it/s]

Calculating test accuracy...
Epoch 143 Testing: 84.87% | Loss: 0.5262: 100%|██████████████████████████████| 79/79 [00:02<00:00, 29.22it/s]

Epoch 143 Summary:
Testing  - Accuracy: 84.87%, Loss: 0.5262

Epoch 144/200
==================================================
Realtime Epoch Training Accuracy: 85.00% | Loss: 0.3322: 100%|██████████████████████████████| 391/391 [00:21<00:00, 18.13it/s]

Calculating test accuracy...
Epoch 144 Testing: 84.72% | Loss: 0.5308: 100%|██████████████████████████████| 79/79 [00:03<00:00, 20.76it/s]

Epoch 144 Summary:
Testing  - Accuracy: 84.72%, Loss: 0.5308

Epoch 145/200
==================================================
Realtime Epoch Training Accuracy: 93.75% | Loss: 0.2128: 100%|██████████████████████████████| 391/391 [00:21<00:00, 18.27it/s]

Calculating test accuracy...
Epoch 145 Testing: 84.88% | Loss: 0.5219: 100%|██████████████████████████████| 79/79 [00:02<00:00, 28.91it/s]

Epoch 145 Summary:
Testing  - Accuracy: 84.88%, Loss: 0.5219

Epoch 146/200
==================================================
Realtime Epoch Training Accuracy: 87.50% | Loss: 0.4100: 100%|██████████████████████████████| 391/391 [00:22<00:00, 17.33it/s]

Calculating test accuracy...
Epoch 146 Testing: 85.44% | Loss: 0.5148: 100%|██████████████████████████████| 79/79 [00:02<00:00, 29.53it/s]

Epoch 146 Summary:
Testing  - Accuracy: 85.44%, Loss: 0.5148
New best accuracy! Saving model...

Epoch 147/200
==================================================
Realtime Epoch Training Accuracy: 96.25% | Loss: 0.1053: 100%|██████████████████████████████| 391/391 [00:20<00:00, 18.62it/s]

Calculating test accuracy...
Epoch 147 Testing: 85.34% | Loss: 0.5131: 100%|██████████████████████████████| 79/79 [00:03<00:00, 21.10it/s]

Epoch 147 Summary:
Testing  - Accuracy: 85.34%, Loss: 0.5131

Epoch 148/200
==================================================
Realtime Epoch Training Accuracy: 92.50% | Loss: 0.1982: 100%|██████████████████████████████| 391/391 [00:21<00:00, 17.95it/s]

Calculating test accuracy...
Epoch 148 Testing: 85.24% | Loss: 0.5179: 100%|██████████████████████████████| 79/79 [00:02<00:00, 29.32it/s]

Epoch 148 Summary:
Testing  - Accuracy: 85.24%, Loss: 0.5179

Epoch 149/200
==================================================
Realtime Epoch Training Accuracy: 88.75% | Loss: 0.2544: 100%|██████████████████████████████| 391/391 [00:22<00:00, 17.29it/s]

Calculating test accuracy...
Epoch 149 Testing: 85.45% | Loss: 0.5078: 100%|██████████████████████████████| 79/79 [00:02<00:00, 28.83it/s]

Epoch 149 Summary:
Testing  - Accuracy: 85.45%, Loss: 0.5078
New best accuracy! Saving model...

Epoch 150/200
==================================================
Realtime Epoch Training Accuracy: 87.50% | Loss: 0.3224: 100%|██████████████████████████████| 391/391 [00:21<00:00, 18.28it/s]

Calculating test accuracy...
Epoch 150 Testing: 85.37% | Loss: 0.5008: 100%|██████████████████████████████| 79/79 [00:03<00:00, 25.72it/s]

Epoch 150 Summary:
Testing  - Accuracy: 85.37%, Loss: 0.5008

Epoch 151/200
==================================================
Realtime Epoch Training Accuracy: 92.50% | Loss: 0.2176: 100%|██████████████████████████████| 391/391 [00:21<00:00, 17.91it/s]

Calculating test accuracy...
Epoch 151 Testing: 85.54% | Loss: 0.5060: 100%|██████████████████████████████| 79/79 [00:02<00:00, 30.18it/s]

Epoch 151 Summary:
Testing  - Accuracy: 85.54%, Loss: 0.5060
New best accuracy! Saving model...

Epoch 152/200
==================================================
Realtime Epoch Training Accuracy: 90.00% | Loss: 0.2351: 100%|██████████████████████████████| 391/391 [00:21<00:00, 18.33it/s]

Calculating test accuracy...
Epoch 152 Testing: 85.37% | Loss: 0.5149: 100%|██████████████████████████████| 79/79 [00:03<00:00, 21.83it/s]

Epoch 152 Summary:
Testing  - Accuracy: 85.37%, Loss: 0.5149

Epoch 153/200
==================================================
Realtime Epoch Training Accuracy: 88.75% | Loss: 0.2482: 100%|██████████████████████████████| 391/391 [00:21<00:00, 18.57it/s]

Calculating test accuracy...
Epoch 153 Testing: 85.20% | Loss: 0.5351: 100%|██████████████████████████████| 79/79 [00:02<00:00, 30.65it/s]

Epoch 153 Summary:
Testing  - Accuracy: 85.20%, Loss: 0.5351

Epoch 154/200
==================================================
Realtime Epoch Training Accuracy: 88.75% | Loss: 0.2241: 100%|██████████████████████████████| 391/391 [00:22<00:00, 17.73it/s]

Calculating test accuracy...
Epoch 154 Testing: 85.38% | Loss: 0.4971: 100%|██████████████████████████████| 79/79 [00:02<00:00, 30.46it/s]

Epoch 154 Summary:
Testing  - Accuracy: 85.38%, Loss: 0.4971

Epoch 155/200
==================================================
Realtime Epoch Training Accuracy: 93.75% | Loss: 0.1605: 100%|██████████████████████████████| 391/391 [00:21<00:00, 18.55it/s]

Calculating test accuracy...
Epoch 155 Testing: 85.79% | Loss: 0.4946: 100%|██████████████████████████████| 79/79 [00:03<00:00, 24.04it/s]

Epoch 155 Summary:
Testing  - Accuracy: 85.79%, Loss: 0.4946
New best accuracy! Saving model...

Epoch 156/200
==================================================
Realtime Epoch Training Accuracy: 93.75% | Loss: 0.1799: 100%|██████████████████████████████| 391/391 [00:22<00:00, 17.18it/s]

Calculating test accuracy...
Epoch 156 Testing: 85.81% | Loss: 0.5044: 100%|██████████████████████████████| 79/79 [00:02<00:00, 29.49it/s]

Epoch 156 Summary:
Testing  - Accuracy: 85.81%, Loss: 0.5044
New best accuracy! Saving model...

Epoch 157/200
==================================================
Realtime Epoch Training Accuracy: 92.50% | Loss: 0.1812: 100%|██████████████████████████████| 391/391 [00:22<00:00, 17.40it/s]

Calculating test accuracy...
Epoch 157 Testing: 85.54% | Loss: 0.5059: 100%|██████████████████████████████| 79/79 [00:02<00:00, 26.89it/s]

Epoch 157 Summary:
Testing  - Accuracy: 85.54%, Loss: 0.5059

Epoch 158/200
==================================================
Realtime Epoch Training Accuracy: 93.75% | Loss: 0.1970: 100%|██████████████████████████████| 391/391 [00:21<00:00, 18.20it/s]

Calculating test accuracy...
Epoch 158 Testing: 85.56% | Loss: 0.5128: 100%|██████████████████████████████| 79/79 [00:03<00:00, 23.89it/s]

Epoch 158 Summary:
Testing  - Accuracy: 85.56%, Loss: 0.5128

Epoch 159/200
==================================================
Realtime Epoch Training Accuracy: 96.25% | Loss: 0.1211: 100%|██████████████████████████████| 391/391 [00:22<00:00, 17.32it/s]

Calculating test accuracy...
Epoch 159 Testing: 85.97% | Loss: 0.4987: 100%|██████████████████████████████| 79/79 [00:02<00:00, 28.33it/s]

Epoch 159 Summary:
Testing  - Accuracy: 85.97%, Loss: 0.4987
New best accuracy! Saving model...

Epoch 160/200
==================================================
Realtime Epoch Training Accuracy: 93.75% | Loss: 0.2201: 100%|██████████████████████████████| 391/391 [00:22<00:00, 17.12it/s]

Calculating test accuracy...
Epoch 160 Testing: 85.74% | Loss: 0.5069: 100%|██████████████████████████████| 79/79 [00:02<00:00, 28.36it/s]

Epoch 160 Summary:
Testing  - Accuracy: 85.74%, Loss: 0.5069

Epoch 161/200
==================================================
Realtime Epoch Training Accuracy: 91.25% | Loss: 0.1490: 100%|██████████████████████████████| 391/391 [00:21<00:00, 18.25it/s]

Calculating test accuracy...
Epoch 161 Testing: 85.30% | Loss: 0.5064: 100%|██████████████████████████████| 79/79 [00:03<00:00, 25.48it/s]

Epoch 161 Summary:
Testing  - Accuracy: 85.30%, Loss: 0.5064

Epoch 162/200
==================================================
Realtime Epoch Training Accuracy: 92.50% | Loss: 0.1840: 100%|██████████████████████████████| 391/391 [00:22<00:00, 17.25it/s]

Calculating test accuracy...
Epoch 162 Testing: 85.89% | Loss: 0.4945: 100%|██████████████████████████████| 79/79 [00:02<00:00, 28.87it/s]

Epoch 162 Summary:
Testing  - Accuracy: 85.89%, Loss: 0.4945

Epoch 163/200
==================================================
Realtime Epoch Training Accuracy: 93.75% | Loss: 0.2238: 100%|██████████████████████████████| 391/391 [00:21<00:00, 17.93it/s]

Calculating test accuracy...
Epoch 163 Testing: 85.67% | Loss: 0.5063: 100%|██████████████████████████████| 79/79 [00:03<00:00, 22.88it/s]

Epoch 163 Summary:
Testing  - Accuracy: 85.67%, Loss: 0.5063

Epoch 164/200
==================================================
Realtime Epoch Training Accuracy: 91.25% | Loss: 0.1824: 100%|██████████████████████████████| 391/391 [00:20<00:00, 18.65it/s]

Calculating test accuracy...
Epoch 164 Testing: 85.63% | Loss: 0.4959: 100%|██████████████████████████████| 79/79 [00:02<00:00, 28.96it/s]

Epoch 164 Summary:
Testing  - Accuracy: 85.63%, Loss: 0.4959

Epoch 165/200
==================================================
Realtime Epoch Training Accuracy: 93.75% | Loss: 0.2094: 100%|██████████████████████████████| 391/391 [00:22<00:00, 17.39it/s]

Calculating test accuracy...
Epoch 165 Testing: 85.98% | Loss: 0.4923: 100%|██████████████████████████████| 79/79 [00:02<00:00, 29.66it/s]

Epoch 165 Summary:
Testing  - Accuracy: 85.98%, Loss: 0.4923
New best accuracy! Saving model...

Epoch 166/200
==================================================
Realtime Epoch Training Accuracy: 93.75% | Loss: 0.1101: 100%|██████████████████████████████| 391/391 [00:21<00:00, 18.26it/s]

Calculating test accuracy...
Epoch 166 Testing: 85.87% | Loss: 0.4900: 100%|██████████████████████████████| 79/79 [00:03<00:00, 21.03it/s]

Epoch 166 Summary:
Testing  - Accuracy: 85.87%, Loss: 0.4900

Epoch 167/200
==================================================
Realtime Epoch Training Accuracy: 88.75% | Loss: 0.2404: 100%|██████████████████████████████| 391/391 [00:21<00:00, 18.31it/s]

Calculating test accuracy...
Epoch 167 Testing: 85.67% | Loss: 0.4922: 100%|██████████████████████████████| 79/79 [00:02<00:00, 30.44it/s]

Epoch 167 Summary:
Testing  - Accuracy: 85.67%, Loss: 0.4922

Epoch 168/200
==================================================
Realtime Epoch Training Accuracy: 97.50% | Loss: 0.1553: 100%|██████████████████████████████| 391/391 [00:22<00:00, 17.54it/s]

Calculating test accuracy...
Epoch 168 Testing: 86.06% | Loss: 0.4975: 100%|██████████████████████████████| 79/79 [00:02<00:00, 29.16it/s]

Epoch 168 Summary:
Testing  - Accuracy: 86.06%, Loss: 0.4975
New best accuracy! Saving model...

Epoch 169/200
==================================================
Realtime Epoch Training Accuracy: 95.00% | Loss: 0.2794: 100%|██████████████████████████████| 391/391 [00:20<00:00, 18.64it/s]

Calculating test accuracy...
Epoch 169 Testing: 86.14% | Loss: 0.4967: 100%|██████████████████████████████| 79/79 [00:03<00:00, 22.96it/s]

Epoch 169 Summary:
Testing  - Accuracy: 86.14%, Loss: 0.4967
New best accuracy! Saving model...

Epoch 170/200
==================================================
Realtime Epoch Training Accuracy: 96.25% | Loss: 0.2204: 100%|██████████████████████████████| 391/391 [00:21<00:00, 17.91it/s]

Calculating test accuracy...
Epoch 170 Testing: 85.94% | Loss: 0.4898: 100%|██████████████████████████████| 79/79 [00:02<00:00, 29.80it/s]

Epoch 170 Summary:
Testing  - Accuracy: 85.94%, Loss: 0.4898

Epoch 171/200
==================================================
Realtime Epoch Training Accuracy: 91.25% | Loss: 0.2866: 100%|██████████████████████████████| 391/391 [00:22<00:00, 17.44it/s]

Calculating test accuracy...
Epoch 171 Testing: 85.93% | Loss: 0.4903: 100%|██████████████████████████████| 79/79 [00:02<00:00, 27.87it/s]

Epoch 171 Summary:
Testing  - Accuracy: 85.93%, Loss: 0.4903

Epoch 172/200
==================================================
Realtime Epoch Training Accuracy: 93.75% | Loss: 0.2042: 100%|██████████████████████████████| 391/391 [00:21<00:00, 18.58it/s]

Calculating test accuracy...
Epoch 172 Testing: 86.08% | Loss: 0.4897: 100%|██████████████████████████████| 79/79 [00:02<00:00, 26.35it/s]

Epoch 172 Summary:
Testing  - Accuracy: 86.08%, Loss: 0.4897

Epoch 173/200
==================================================
Realtime Epoch Training Accuracy: 91.25% | Loss: 0.2079: 100%|██████████████████████████████| 391/391 [00:22<00:00, 17.47it/s]

Calculating test accuracy...
Epoch 173 Testing: 85.98% | Loss: 0.4829: 100%|██████████████████████████████| 79/79 [00:02<00:00, 29.74it/s]

Epoch 173 Summary:
Testing  - Accuracy: 85.98%, Loss: 0.4829

Epoch 174/200
==================================================
Realtime Epoch Training Accuracy: 92.50% | Loss: 0.2189: 100%|██████████████████████████████| 391/391 [00:22<00:00, 17.75it/s]

Calculating test accuracy...
Epoch 174 Testing: 86.03% | Loss: 0.4900: 100%|██████████████████████████████| 79/79 [00:03<00:00, 22.24it/s]

Epoch 174 Summary:
Testing  - Accuracy: 86.03%, Loss: 0.4900

Epoch 175/200
==================================================
Realtime Epoch Training Accuracy: 96.25% | Loss: 0.1476: 100%|██████████████████████████████| 391/391 [00:20<00:00, 18.63it/s]

Calculating test accuracy...
Epoch 175 Testing: 85.95% | Loss: 0.5005: 100%|██████████████████████████████| 79/79 [00:02<00:00, 29.37it/s]

Epoch 175 Summary:
Testing  - Accuracy: 85.95%, Loss: 0.5005

Epoch 176/200
==================================================
Realtime Epoch Training Accuracy: 95.00% | Loss: 0.1699: 100%|██████████████████████████████| 391/391 [00:22<00:00, 17.24it/s]

Calculating test accuracy...
Epoch 176 Testing: 86.07% | Loss: 0.4977: 100%|██████████████████████████████| 79/79 [00:02<00:00, 30.27it/s]

Epoch 176 Summary:
Testing  - Accuracy: 86.07%, Loss: 0.4977

Epoch 177/200
==================================================
Realtime Epoch Training Accuracy: 88.75% | Loss: 0.2615: 100%|██████████████████████████████| 391/391 [00:21<00:00, 18.47it/s]

Calculating test accuracy...
Epoch 177 Testing: 86.16% | Loss: 0.4884: 100%|██████████████████████████████| 79/79 [00:03<00:00, 21.37it/s]

Epoch 177 Summary:
Testing  - Accuracy: 86.16%, Loss: 0.4884
New best accuracy! Saving model...

Epoch 178/200
==================================================
Realtime Epoch Training Accuracy: 98.75% | Loss: 0.1171: 100%|██████████████████████████████| 391/391 [00:20<00:00, 18.64it/s]

Calculating test accuracy...
Epoch 178 Testing: 85.94% | Loss: 0.4850: 100%|██████████████████████████████| 79/79 [00:02<00:00, 29.52it/s]

Epoch 178 Summary:
Testing  - Accuracy: 85.94%, Loss: 0.4850

Epoch 179/200
==================================================
Realtime Epoch Training Accuracy: 91.25% | Loss: 0.2221: 100%|██████████████████████████████| 391/391 [00:22<00:00, 17.60it/s]

Calculating test accuracy...
Epoch 179 Testing: 85.86% | Loss: 0.4900: 100%|██████████████████████████████| 79/79 [00:02<00:00, 27.81it/s]

Epoch 179 Summary:
Testing  - Accuracy: 85.86%, Loss: 0.4900

Epoch 180/200
==================================================
Realtime Epoch Training Accuracy: 98.75% | Loss: 0.1033: 100%|██████████████████████████████| 391/391 [00:21<00:00, 18.43it/s]

Calculating test accuracy...
Epoch 180 Testing: 86.28% | Loss: 0.4865: 100%|██████████████████████████████| 79/79 [00:03<00:00, 25.59it/s]

Epoch 180 Summary:
Testing  - Accuracy: 86.28%, Loss: 0.4865
New best accuracy! Saving model...

Epoch 181/200
==================================================
Realtime Epoch Training Accuracy: 88.75% | Loss: 0.2173: 100%|██████████████████████████████| 391/391 [00:22<00:00, 17.19it/s]

Calculating test accuracy...
Epoch 181 Testing: 86.11% | Loss: 0.4926: 100%|██████████████████████████████| 79/79 [00:02<00:00, 28.53it/s]

Epoch 181 Summary:
Testing  - Accuracy: 86.11%, Loss: 0.4926

Epoch 182/200
==================================================
Realtime Epoch Training Accuracy: 88.75% | Loss: 0.2415: 100%|██████████████████████████████| 391/391 [00:21<00:00, 17.97it/s]

Calculating test accuracy...
Epoch 182 Testing: 86.38% | Loss: 0.4861: 100%|██████████████████████████████| 79/79 [00:03<00:00, 23.23it/s]

Epoch 182 Summary:
Testing  - Accuracy: 86.38%, Loss: 0.4861
New best accuracy! Saving model...

Epoch 183/200
==================================================
Realtime Epoch Training Accuracy: 98.75% | Loss: 0.0944: 100%|██████████████████████████████| 391/391 [00:20<00:00, 18.68it/s]

Calculating test accuracy...
Epoch 183 Testing: 86.03% | Loss: 0.4914: 100%|██████████████████████████████| 79/79 [00:02<00:00, 29.68it/s]

Epoch 183 Summary:
Testing  - Accuracy: 86.03%, Loss: 0.4914

Epoch 184/200
==================================================
Realtime Epoch Training Accuracy: 91.25% | Loss: 0.2269: 100%|██████████████████████████████| 391/391 [00:22<00:00, 17.65it/s]

Calculating test accuracy...
Epoch 184 Testing: 86.18% | Loss: 0.4908: 100%|██████████████████████████████| 79/79 [00:02<00:00, 29.50it/s]

Epoch 184 Summary:
Testing  - Accuracy: 86.18%, Loss: 0.4908

Epoch 185/200
==================================================
Realtime Epoch Training Accuracy: 97.50% | Loss: 0.1162: 100%|██████████████████████████████| 391/391 [00:21<00:00, 18.60it/s]

Calculating test accuracy...
Epoch 185 Testing: 86.36% | Loss: 0.4880: 100%|██████████████████████████████| 79/79 [00:03<00:00, 21.78it/s]

Epoch 185 Summary:
Testing  - Accuracy: 86.36%, Loss: 0.4880

Epoch 186/200
==================================================
Realtime Epoch Training Accuracy: 97.50% | Loss: 0.1110: 100%|██████████████████████████████| 391/391 [00:21<00:00, 17.95it/s]

Calculating test accuracy...
Epoch 186 Testing: 86.38% | Loss: 0.4832: 100%|██████████████████████████████| 79/79 [00:02<00:00, 29.40it/s]

Epoch 186 Summary:
Testing  - Accuracy: 86.38%, Loss: 0.4832

Epoch 187/200
==================================================
Realtime Epoch Training Accuracy: 93.75% | Loss: 0.1761: 100%|██████████████████████████████| 391/391 [00:22<00:00, 17.28it/s]

Calculating test accuracy...
Epoch 187 Testing: 86.24% | Loss: 0.4869: 100%|██████████████████████████████| 79/79 [00:02<00:00, 27.41it/s]

Epoch 187 Summary:
Testing  - Accuracy: 86.24%, Loss: 0.4869

Epoch 188/200
==================================================
Realtime Epoch Training Accuracy: 95.00% | Loss: 0.1525: 100%|██████████████████████████████| 391/391 [00:20<00:00, 18.70it/s]

Calculating test accuracy...
Epoch 188 Testing: 86.28% | Loss: 0.4873: 100%|██████████████████████████████| 79/79 [00:02<00:00, 26.80it/s]

Epoch 188 Summary:
Testing  - Accuracy: 86.28%, Loss: 0.4873

Epoch 189/200
==================================================
Realtime Epoch Training Accuracy: 92.50% | Loss: 0.1563: 100%|██████████████████████████████| 391/391 [00:22<00:00, 17.56it/s]

Calculating test accuracy...
Epoch 189 Testing: 86.29% | Loss: 0.4849: 100%|██████████████████████████████| 79/79 [00:02<00:00, 28.40it/s]

Epoch 189 Summary:
Testing  - Accuracy: 86.29%, Loss: 0.4849

Epoch 190/200
==================================================
Realtime Epoch Training Accuracy: 93.75% | Loss: 0.1940: 100%|██████████████████████████████| 391/391 [00:22<00:00, 17.64it/s]

Calculating test accuracy...
Epoch 190 Testing: 86.22% | Loss: 0.4877: 100%|██████████████████████████████| 79/79 [00:03<00:00, 22.56it/s]

Epoch 190 Summary:
Testing  - Accuracy: 86.22%, Loss: 0.4877

Epoch 191/200
==================================================
Realtime Epoch Training Accuracy: 96.25% | Loss: 0.1406: 100%|██████████████████████████████| 391/391 [00:21<00:00, 18.19it/s]

Calculating test accuracy...
Epoch 191 Testing: 86.28% | Loss: 0.4863: 100%|██████████████████████████████| 79/79 [00:02<00:00, 28.95it/s]

Epoch 191 Summary:
Testing  - Accuracy: 86.28%, Loss: 0.4863

Epoch 192/200
==================================================
Realtime Epoch Training Accuracy: 93.75% | Loss: 0.2285: 100%|██████████████████████████████| 391/391 [00:22<00:00, 17.16it/s]

Calculating test accuracy...
Epoch 192 Testing: 86.20% | Loss: 0.4888: 100%|██████████████████████████████| 79/79 [00:02<00:00, 28.44it/s]

Epoch 192 Summary:
Testing  - Accuracy: 86.20%, Loss: 0.4888

Epoch 193/200
==================================================
Realtime Epoch Training Accuracy: 91.25% | Loss: 0.2017: 100%|██████████████████████████████| 391/391 [00:21<00:00, 17.99it/s]

Calculating test accuracy...
Epoch 193 Testing: 86.24% | Loss: 0.4869: 100%|██████████████████████████████| 79/79 [00:03<00:00, 20.58it/s]

Epoch 193 Summary:
Testing  - Accuracy: 86.24%, Loss: 0.4869

Epoch 194/200
==================================================
Realtime Epoch Training Accuracy: 92.50% | Loss: 0.2137: 100%|██████████████████████████████| 391/391 [00:21<00:00, 17.98it/s]

Calculating test accuracy...
Epoch 194 Testing: 86.25% | Loss: 0.4861: 100%|██████████████████████████████| 79/79 [00:02<00:00, 28.94it/s]

Epoch 194 Summary:
Testing  - Accuracy: 86.25%, Loss: 0.4861

Epoch 195/200
==================================================
Realtime Epoch Training Accuracy: 93.75% | Loss: 0.2227: 100%|██████████████████████████████| 391/391 [00:22<00:00, 17.32it/s]

Calculating test accuracy...
Epoch 195 Testing: 86.32% | Loss: 0.4861: 100%|██████████████████████████████| 79/79 [00:02<00:00, 28.26it/s]

Epoch 195 Summary:
Testing  - Accuracy: 86.32%, Loss: 0.4861

Epoch 196/200
==================================================
Realtime Epoch Training Accuracy: 90.00% | Loss: 0.2462: 100%|██████████████████████████████| 391/391 [00:21<00:00, 18.62it/s]

Calculating test accuracy...
Epoch 196 Testing: 86.19% | Loss: 0.4869: 100%|██████████████████████████████| 79/79 [00:03<00:00, 22.13it/s]

Epoch 196 Summary:
Testing  - Accuracy: 86.19%, Loss: 0.4869

Epoch 197/200
==================================================
Realtime Epoch Training Accuracy: 93.75% | Loss: 0.1391: 100%|██████████████████████████████| 391/391 [00:21<00:00, 18.00it/s]

Calculating test accuracy...
Epoch 197 Testing: 86.19% | Loss: 0.4840: 100%|██████████████████████████████| 79/79 [00:02<00:00, 29.36it/s]

Epoch 197 Summary:
Testing  - Accuracy: 86.19%, Loss: 0.4840

Epoch 198/200
==================================================
Realtime Epoch Training Accuracy: 98.75% | Loss: 0.0651: 100%|██████████████████████████████| 391/391 [00:22<00:00, 17.66it/s]

Calculating test accuracy...
Epoch 198 Testing: 86.24% | Loss: 0.4871: 100%|██████████████████████████████| 79/79 [00:02<00:00, 28.34it/s]

Epoch 198 Summary:
Testing  - Accuracy: 86.24%, Loss: 0.4871

Epoch 199/200
==================================================
Realtime Epoch Training Accuracy: 88.75% | Loss: 0.2445: 100%|██████████████████████████████| 391/391 [00:21<00:00, 18.57it/s]

Calculating test accuracy...
Epoch 199 Testing: 86.21% | Loss: 0.4867: 100%|██████████████████████████████| 79/79 [00:03<00:00, 25.56it/s]

Epoch 199 Summary:
Testing  - Accuracy: 86.21%, Loss: 0.4867

Epoch 200/200
==================================================
Realtime Epoch Training Accuracy: 92.50% | Loss: 0.1535: 100%|██████████████████████████████| 391/391 [00:22<00:00, 17.33it/s]

Calculating test accuracy...
Epoch 200 Testing: 86.15% | Loss: 0.4844: 100%|██████████████████████████████| 79/79 [00:02<00:00, 28.40it/s]
Epoch 200 Summary:
Testing  - Accuracy: 86.15%, Loss: 0.4844

==================================================
TRAINING COMPLETED - FINAL RESULTS
==================================================

Model Architecture:
└── Total Parameters: 184,982

Best Model achieved at Epoch 182:
├── Test Accuracy: 86.38%
└── Test Loss: 0.4861

Model saved as: 'best_model.pth'
==================================================